  main.cpp
C:\Users\50129\Documents\GitHub\human-retargeting\utils\Hand_SDK_Unicast\CM_YD_Unicast\UnicastLib\CM_YD_Unicast.h(114,19): warning C4251: “GloveSDK::gloveDataList”:“std::vector<GloveData,std::allocator<GloveData>>”需要有 dll 接口以供“GloveSDK”的客户端使用
  (编译源文件“main.cpp”)
      D:\Program Files\Microsoft Visual Studio\2022\Community\VC\Tools\MSVC\14.41.34120\include\vector(429,7):
      参见“std::vector<GloveData,std::allocator<GloveData>>”的声明
  
C:\Users\50129\Documents\GitHub\human-retargeting\utils\Hand_SDK_Unicast\CM_YD_Unicast\UnicastLib\CM_YD_Unicast.h(129,15): warning C4251: “GloveSDK::m_running”:“std::atomic<bool>”需要有 dll 接口以供“GloveSDK”的客户端使用
  (编译源文件“main.cpp”)
      D:\Program Files\Microsoft Visual Studio\2022\Community\VC\Tools\MSVC\14.41.34120\include\atomic(2154,8):
      参见“std::atomic<bool>”的声明
  
C:\Users\50129\Documents\GitHub\human-retargeting\utils\Hand_SDK_Unicast\CM_YD_Unicast\UnicastLib\CM_YD_Unicast.h(130,21): warning C4251: “GloveSDK::m_receive_thread”:“std::unique_ptr<std::thread,std::default_delete<std::thread>>”需要有 dll 接口以供“GloveSDK”的客户端使用
  (编译源文件“main.cpp”)
      D:\Program Files\Microsoft Visual Studio\2022\Community\VC\Tools\MSVC\14.41.34120\include\memory(3335,7):
      参见“std::unique_ptr<std::thread,std::default_delete<std::thread>>”的声明
  
C:\Users\50129\Documents\GitHub\human-retargeting\utils\Hand_SDK_Unicast\CM_YD_Unicast\UnicastLib\CM_YD_Unicast.h(131,16): warning C4251: “GloveSDK::dataUpdateCallback”:“std::function<void (GloveSDK *)>”需要有 dll 接口以供“GloveSDK”的客户端使用
  (编译源文件“main.cpp”)
      D:\Program Files\Microsoft Visual Studio\2022\Community\VC\Tools\MSVC\14.41.34120\include\functional(1074,7):
      参见“std::function<void (GloveSDK *)>”的声明
  
C:\Users\50129\Documents\GitHub\human-retargeting\utils\Hand_SDK_Unicast\CM_YD_Unicast\main.cpp(115,64): warning C4267: “参数”: 从“size_t”转换到“int”，可能丢失数据
CM_YD_Unicast.lib(CM_YD_Unicast.obj) : warning LNK4099: 未找到 PDB“”(使用“CM_YD_Unicast.lib(CM_YD_Unicast.obj)”或在“”中寻找)；正在链接对象，如同没有调试信息一样
  CM_YD_Unicast.vcxproj -> C:\Users\50129\Documents\GitHub\human-retargeting\utils\Hand_SDK_Unicast\x64\Debug\CM_YD_Unicast.exe
